app/build/intermediates/manifest_merge_blame_file/debug/manifest-merger-blame-debug-report.txt
1<?xml version="1.0" encoding="utf-8"?>
2<manifest xmlns:android="http://schemas.android.com/apk/res/android"
3    package="com.example.localisation"
4    android:versionCode="1"
5    android:versionName="1.0" >
6
7    <uses-sdk
8        android:minSdkVersion="24"
9        android:targetSdkVersion="34" />
10
11    <uses-permission android:name="android.permission.ACCESS_FINE_LOCATION" />
11-->src\main\AndroidManifest.xml:5:5-79
11-->src\main\AndroidManifest.xml:5:22-76
12    <uses-permission android:name="android.permission.ACCESS_COARSE_LOCATION" />
12-->src\main\AndroidManifest.xml:6:5-81
12-->src\main\AndroidManifest.xml:6:22-78
13    <uses-permission android:name="android.permission.INTERNET" />
13-->src\main\AndroidManifest.xml:7:5-67
13-->src\main\AndroidManifest.xml:7:22-64
14    <uses-permission android:name="android.permission.READ_PHONE_STATE" />
14-->src\main\AndroidManifest.xml:8:5-75
14-->src\main\AndroidManifest.xml:8:22-72
15
16    <!-- Include required permissions for Google Maps API to run. -->
17    <uses-permission android:name="android.permission.ACCESS_NETWORK_STATE" />
17-->[com.google.android.gms:play-services-maps:18.2.0] AndroidManifest.xml:23:5-79
17-->[com.google.android.gms:play-services-maps:18.2.0] AndroidManifest.xml:23:22-76
18
19    <uses-feature
19-->[com.google.android.gms:play-services-maps:18.2.0] AndroidManifest.xml:26:5-28:35
20        android:glEsVersion="0x00020000"
20-->[com.google.android.gms:play-services-maps:18.2.0] AndroidManifest.xml:27:9-41
21        android:required="true" />
21-->[com.google.android.gms:play-services-maps:18.2.0] AndroidManifest.xml:28:9-32
22
23    <queries>
23-->[com.google.android.gms:play-services-maps:18.2.0] AndroidManifest.xml:30:5-34:15
24
25        <!-- Needs to be explicitly declared on Android R+ -->
26        <package android:name="com.google.android.apps.maps" />
26-->[com.google.android.gms:play-services-maps:18.2.0] AndroidManifest.xml:33:9-64
26-->[com.google.android.gms:play-services-maps:18.2.0] AndroidManifest.xml:33:18-61
27    </queries>
28
29    <permission
29-->[androidx.core:core:1.9.0] AndroidManifest.xml:22:5-24:47
30        android:name="com.example.localisation.DYNAMIC_RECEIVER_NOT_EXPORTED_PERMISSION"
30-->[androidx.core:core:1.9.0] AndroidManifest.xml:23:9-81
31        android:protectionLevel="signature" />
31-->[androidx.core:core:1.9.0] AndroidManifest.xml:24:9-44
32
33    <uses-permission android:name="com.example.localisation.DYNAMIC_RECEIVER_NOT_EXPORTED_PERMISSION" />
33-->[androidx.core:core:1.9.0] AndroidManifest.xml:26:5-97
33-->[androidx.core:core:1.9.0] AndroidManifest.xml:26:22-94
34
35    <application
35-->src\main\AndroidManifest.xml:10:5-38:19
36        android:allowBackup="true"
36-->src\main\AndroidManifest.xml:11:9-35
37        android:appComponentFactory="androidx.core.app.CoreComponentFactory"
37-->[androidx.core:core:1.9.0] AndroidManifest.xml:28:18-86
38        android:debuggable="true"
39        android:extractNativeLibs="false"
40        android:icon="@drawable/ic_launcher"
40-->src\main\AndroidManifest.xml:12:9-45
41        android:label="@string/app_name"
41-->src\main\AndroidManifest.xml:13:9-41
42        android:roundIcon="@drawable/ic_launcher"
42-->src\main\AndroidManifest.xml:14:9-50
43        android:supportsRtl="true"
43-->src\main\AndroidManifest.xml:15:9-35
44        android:testOnly="true"
45        android:theme="@style/Theme.Localisation"
45-->src\main\AndroidManifest.xml:17:9-50
46        android:usesCleartextTraffic="true" >
46-->src\main\AndroidManifest.xml:16:9-44
47
48        <!-- Clé Google Maps -->
49        <meta-data
49-->src\main\AndroidManifest.xml:21:9-23:57
50            android:name="com.google.android.geo.API_KEY"
50-->src\main\AndroidManifest.xml:22:13-58
51            android:value="VOTRE_CLE_GOOGLE_MAPS_ICI" />
51-->src\main\AndroidManifest.xml:23:13-54
52
53        <activity
53-->src\main\AndroidManifest.xml:25:9-27:40
54            android:name="com.example.localisation.MapsActivity"
54-->src\main\AndroidManifest.xml:26:13-41
55            android:exported="false" />
55-->src\main\AndroidManifest.xml:27:13-37
56        <activity
56-->src\main\AndroidManifest.xml:29:9-36:20
57            android:name="com.example.localisation.MainActivity"
57-->src\main\AndroidManifest.xml:30:13-41
58            android:exported="true" >
58-->src\main\AndroidManifest.xml:31:13-36
59            <intent-filter>
59-->src\main\AndroidManifest.xml:32:13-35:29
60                <action android:name="android.intent.action.MAIN" />
60-->src\main\AndroidManifest.xml:33:17-69
60-->src\main\AndroidManifest.xml:33:25-66
61
62                <category android:name="android.intent.category.LAUNCHER" />
62-->src\main\AndroidManifest.xml:34:17-77
62-->src\main\AndroidManifest.xml:34:27-74
63            </intent-filter>
64        </activity>
65
66        <!-- Needs to be explicitly declared on P+ -->
67        <uses-library
67-->[com.google.android.gms:play-services-maps:18.2.0] AndroidManifest.xml:39:9-41:40
68            android:name="org.apache.http.legacy"
68-->[com.google.android.gms:play-services-maps:18.2.0] AndroidManifest.xml:40:13-50
69            android:required="false" />
69-->[com.google.android.gms:play-services-maps:18.2.0] AndroidManifest.xml:41:13-37
70
71        <activity
71-->[com.google.android.gms:play-services-base:18.0.1] AndroidManifest.xml:20:9-22:45
72            android:name="com.google.android.gms.common.api.GoogleApiActivity"
72-->[com.google.android.gms:play-services-base:18.0.1] AndroidManifest.xml:20:19-85
73            android:exported="false"
73-->[com.google.android.gms:play-services-base:18.0.1] AndroidManifest.xml:22:19-43
74            android:theme="@android:style/Theme.Translucent.NoTitleBar" />
74-->[com.google.android.gms:play-services-base:18.0.1] AndroidManifest.xml:21:19-78
75
76        <meta-data
76-->[com.google.android.gms:play-services-basement:18.0.0] AndroidManifest.xml:21:9-23:69
77            android:name="com.google.android.gms.version"
77-->[com.google.android.gms:play-services-basement:18.0.0] AndroidManifest.xml:22:13-58
78            android:value="@integer/google_play_services_version" />
78-->[com.google.android.gms:play-services-basement:18.0.0] AndroidManifest.xml:23:13-66
79
80        <provider
80-->[androidx.emoji2:emoji2:1.2.0] AndroidManifest.xml:24:9-32:20
81            android:name="androidx.startup.InitializationProvider"
81-->[androidx.emoji2:emoji2:1.2.0] AndroidManifest.xml:25:13-67
82            android:authorities="com.example.localisation.androidx-startup"
82-->[androidx.emoji2:emoji2:1.2.0] AndroidManifest.xml:26:13-68
83            android:exported="false" >
83-->[androidx.emoji2:emoji2:1.2.0] AndroidManifest.xml:27:13-37
84            <meta-data
84-->[androidx.emoji2:emoji2:1.2.0] AndroidManifest.xml:29:13-31:52
85                android:name="androidx.emoji2.text.EmojiCompatInitializer"
85-->[androidx.emoji2:emoji2:1.2.0] AndroidManifest.xml:30:17-75
86                android:value="androidx.startup" />
86-->[androidx.emoji2:emoji2:1.2.0] AndroidManifest.xml:31:17-49
87            <meta-data
87-->[androidx.lifecycle:lifecycle-process:2.6.1] AndroidManifest.xml:29:13-31:52
88                android:name="androidx.lifecycle.ProcessLifecycleInitializer"
88-->[androidx.lifecycle:lifecycle-process:2.6.1] AndroidManifest.xml:30:17-78
89                android:value="androidx.startup" />
89-->[androidx.lifecycle:lifecycle-process:2.6.1] AndroidManifest.xml:31:17-49
90            <meta-data
90-->[androidx.profileinstaller:profileinstaller:1.3.0] AndroidManifest.xml:29:13-31:52
91                android:name="androidx.profileinstaller.ProfileInstallerInitializer"
91-->[androidx.profileinstaller:profileinstaller:1.3.0] AndroidManifest.xml:30:17-85
92                android:value="androidx.startup" />
92-->[androidx.profileinstaller:profileinstaller:1.3.0] AndroidManifest.xml:31:17-49
93        </provider>
94
95        <receiver
95-->[androidx.profileinstaller:profileinstaller:1.3.0] AndroidManifest.xml:34:9-52:20
96            android:name="androidx.profileinstaller.ProfileInstallReceiver"
96-->[androidx.profileinstaller:profileinstaller:1.3.0] AndroidManifest.xml:35:13-76
97            android:directBootAware="false"
97-->[androidx.profileinstaller:profileinstaller:1.3.0] AndroidManifest.xml:36:13-44
98            android:enabled="true"
98-->[androidx.profileinstaller:profileinstaller:1.3.0] AndroidManifest.xml:37:13-35
99            android:exported="true"
99-->[androidx.profileinstaller:profileinstaller:1.3.0] AndroidManifest.xml:38:13-36
100            android:permission="android.permission.DUMP" >
100-->[androidx.profileinstaller:profileinstaller:1.3.0] AndroidManifest.xml:39:13-57
101            <intent-filter>
101-->[androidx.profileinstaller:profileinstaller:1.3.0] AndroidManifest.xml:40:13-42:29
102                <action android:name="androidx.profileinstaller.action.INSTALL_PROFILE" />
102-->[androidx.profileinstaller:profileinstaller:1.3.0] AndroidManifest.xml:41:17-91
102-->[androidx.profileinstaller:profileinstaller:1.3.0] AndroidManifest.xml:41:25-88
103            </intent-filter>
104            <intent-filter>
104-->[androidx.profileinstaller:profileinstaller:1.3.0] AndroidManifest.xml:43:13-45:29
105                <action android:name="androidx.profileinstaller.action.SKIP_FILE" />
105-->[androidx.profileinstaller:profileinstaller:1.3.0] AndroidManifest.xml:44:17-85
105-->[androidx.profileinstaller:profileinstaller:1.3.0] AndroidManifest.xml:44:25-82
106            </intent-filter>
107            <intent-filter>
107-->[androidx.profileinstaller:profileinstaller:1.3.0] AndroidManifest.xml:46:13-48:29
108                <action android:name="androidx.profileinstaller.action.SAVE_PROFILE" />
108-->[androidx.profileinstaller:profileinstaller:1.3.0] AndroidManifest.xml:47:17-88
108-->[androidx.profileinstaller:profileinstaller:1.3.0] AndroidManifest.xml:47:25-85
109            </intent-filter>
110            <intent-filter>
110-->[androidx.profileinstaller:profileinstaller:1.3.0] AndroidManifest.xml:49:13-51:29
111                <action android:name="androidx.profileinstaller.action.BENCHMARK_OPERATION" />
111-->[androidx.profileinstaller:profileinstaller:1.3.0] AndroidManifest.xml:50:17-95
111-->[androidx.profileinstaller:profileinstaller:1.3.0] AndroidManifest.xml:50:25-92
112            </intent-filter>
113        </receiver>
114    </application>
115
116</manifest>